app/build/intermediates/manifest_merge_blame_file/debug/manifest-merger-blame-debug-report.txt
1<?xml version="1.0" encoding="utf-8"?>
2<manifest xmlns:android="http://schemas.android.com/apk/res/android"
3    package="com.a548bky4474.intermediatesub"
4    android:versionCode="1"
5    android:versionName="1.0" >
6
7    <uses-sdk
8        android:minSdkVersion="26"
9        android:targetSdkVersion="34" />
10
11    <uses-permission android:name="android.permission.INTERNET" />
11-->src\main\AndroidManifest.xml:5:5-67
11-->src\main\AndroidManifest.xml:5:22-64
12
13    <uses-feature android:name="android.hardware.camera" />
13-->src\main\AndroidManifest.xml:7:5-60
13-->src\main\AndroidManifest.xml:7:19-57
14
15    <uses-permission android:name="android.permission.CAMERA" />
15-->src\main\AndroidManifest.xml:9:5-65
15-->src\main\AndroidManifest.xml:9:22-62
16    <uses-permission
16-->src\main\AndroidManifest.xml:10:5-12:38
17        android:name="android.permission.WRITE_EXTERNAL_STORAGE"
17-->src\main\AndroidManifest.xml:11:9-65
18        android:maxSdkVersion="28" />
18-->src\main\AndroidManifest.xml:12:9-35
19    <uses-permission android:name="android.permission.READ_EXTERNAL_STORAGE" />
19-->src\main\AndroidManifest.xml:13:5-80
19-->src\main\AndroidManifest.xml:13:22-77
20    <uses-permission android:name="android.permission.ACCESS_FINE_LOCATION" />
20-->src\main\AndroidManifest.xml:14:5-79
20-->src\main\AndroidManifest.xml:14:22-76
21    <uses-permission android:name="android.permission.ACCESS_COARSE_LOCATION" />
21-->src\main\AndroidManifest.xml:15:5-81
21-->src\main\AndroidManifest.xml:15:22-78
22    <uses-permission android:name="android.permission.ACCESS_BACKGROUND_LOCATION" />
22-->src\main\AndroidManifest.xml:16:5-85
22-->src\main\AndroidManifest.xml:16:22-82
23    <uses-permission android:name="android.permission.POST_NOTIFICATIONS" />
23-->src\main\AndroidManifest.xml:18:5-77
23-->src\main\AndroidManifest.xml:18:22-74
24
25    <!-- Include required permissions for Google Maps API to run. -->
26    <uses-permission android:name="android.permission.ACCESS_NETWORK_STATE" />
26-->[com.google.android.gms:play-services-maps:18.2.0] AndroidManifest.xml:23:5-79
26-->[com.google.android.gms:play-services-maps:18.2.0] AndroidManifest.xml:23:22-76
27
28    <uses-feature
28-->[com.google.android.gms:play-services-maps:18.2.0] AndroidManifest.xml:26:5-28:35
29        android:glEsVersion="0x00020000"
29-->[com.google.android.gms:play-services-maps:18.2.0] AndroidManifest.xml:27:9-41
30        android:required="true" />
30-->[com.google.android.gms:play-services-maps:18.2.0] AndroidManifest.xml:28:9-32
31
32    <queries>
32-->[com.google.android.gms:play-services-maps:18.2.0] AndroidManifest.xml:30:5-34:15
33
34        <!-- Needs to be explicitly declared on Android R+ -->
35        <package android:name="com.google.android.apps.maps" />
35-->[com.google.android.gms:play-services-maps:18.2.0] AndroidManifest.xml:33:9-64
35-->[com.google.android.gms:play-services-maps:18.2.0] AndroidManifest.xml:33:18-61
36    </queries>
37
38    <permission
38-->[androidx.core:core:1.12.0] AndroidManifest.xml:22:5-24:47
39        android:name="com.a548bky4474.intermediatesub.DYNAMIC_RECEIVER_NOT_EXPORTED_PERMISSION"
39-->[androidx.core:core:1.12.0] AndroidManifest.xml:23:9-81
40        android:protectionLevel="signature" />
40-->[androidx.core:core:1.12.0] AndroidManifest.xml:24:9-44
41
42    <uses-permission android:name="com.a548bky4474.intermediatesub.DYNAMIC_RECEIVER_NOT_EXPORTED_PERMISSION" />
42-->[androidx.core:core:1.12.0] AndroidManifest.xml:26:5-97
42-->[androidx.core:core:1.12.0] AndroidManifest.xml:26:22-94
43
44    <application
44-->src\main\AndroidManifest.xml:19:5-95:19
45        android:allowBackup="true"
45-->src\main\AndroidManifest.xml:20:9-35
46        android:appComponentFactory="androidx.core.app.CoreComponentFactory"
46-->[androidx.core:core:1.12.0] AndroidManifest.xml:28:18-86
47        android:debuggable="true"
48        android:extractNativeLibs="false"
49        android:icon="@mipmap/ic_launcher"
49-->src\main\AndroidManifest.xml:21:9-43
50        android:label="@string/app_name"
50-->src\main\AndroidManifest.xml:22:9-41
51        android:roundIcon="@mipmap/ic_launcher_round"
51-->src\main\AndroidManifest.xml:23:9-54
52        android:supportsRtl="true"
52-->src\main\AndroidManifest.xml:24:9-35
53        android:testOnly="true"
54        android:theme="@style/Theme.IntermediateSub" >
54-->src\main\AndroidManifest.xml:25:9-53
55
56        <!--
57             TODO: Before you run your application, you need a Google Maps API key.
58
59             To get one, follow the directions here:
60
61                https://developers.google.com/maps/documentation/android-sdk/get-api-key
62
63             Once you have your API key (it starts with "AIza"), define a new property in your
64             project's local.properties file (e.g. MAPS_API_KEY=Aiza...), and replace the
65             "YOUR_API_KEY" string in this file with "${MAPS_API_KEY}".
66        -->
67        <meta-data
67-->src\main\AndroidManifest.xml:39:9-41:71
68            android:name="com.google.android.geo.API_KEY"
68-->src\main\AndroidManifest.xml:40:13-58
69            android:value="AIzaSyDxGE4jJG3tlORTWlYRcNDGokalW9EJ2bk" />
69-->src\main\AndroidManifest.xml:41:13-68
70
71        <activity
71-->src\main\AndroidManifest.xml:43:9-46:59
72            android:name="com.a548bky4474.intermediatesub.MapsActivity"
72-->src\main\AndroidManifest.xml:44:13-41
73            android:exported="false"
73-->src\main\AndroidManifest.xml:45:13-37
74            android:label="@string/title_activity_maps" />
74-->src\main\AndroidManifest.xml:46:13-56
75        <activity
75-->src\main\AndroidManifest.xml:47:9-49:40
76            android:name="com.a548bky4474.intermediatesub.view.add.AddActivity"
76-->src\main\AndroidManifest.xml:48:13-49
77            android:exported="false" />
77-->src\main\AndroidManifest.xml:49:13-37
78        <activity
78-->src\main\AndroidManifest.xml:50:9-52:40
79            android:name="com.a548bky4474.intermediatesub.view.detail.DetailActivity"
79-->src\main\AndroidManifest.xml:51:13-55
80            android:exported="false" />
80-->src\main\AndroidManifest.xml:52:13-37
81        <activity
81-->src\main\AndroidManifest.xml:53:9-55:48
82            android:name="com.a548bky4474.intermediatesub.view.welcome.WelcomeActivity"
82-->src\main\AndroidManifest.xml:54:13-57
83            android:exported="true" />
83-->src\main\AndroidManifest.xml:55:13-36
84        <activity
84-->src\main\AndroidManifest.xml:56:9-58:40
85            android:name="com.a548bky4474.intermediatesub.view.register.RegisterActivity"
85-->src\main\AndroidManifest.xml:57:13-59
86            android:exported="false" />
86-->src\main\AndroidManifest.xml:58:13-37
87        <activity
87-->src\main\AndroidManifest.xml:59:9-61:39
88            android:name="com.a548bky4474.intermediatesub.view.login.LoginActivity"
88-->src\main\AndroidManifest.xml:60:13-53
89            android:exported="true" />
89-->src\main\AndroidManifest.xml:61:13-36
90        <activity
90-->src\main\AndroidManifest.xml:62:9-70:20
91            android:name="com.a548bky4474.intermediatesub.view.main.MainActivity"
91-->src\main\AndroidManifest.xml:63:13-51
92            android:exported="true" >
92-->src\main\AndroidManifest.xml:64:13-36
93            <intent-filter>
93-->src\main\AndroidManifest.xml:65:13-69:29
94                <action android:name="android.intent.action.MAIN" />
94-->src\main\AndroidManifest.xml:66:17-69
94-->src\main\AndroidManifest.xml:66:25-66
95
96                <category android:name="android.intent.category.LAUNCHER" />
96-->src\main\AndroidManifest.xml:68:17-77
96-->src\main\AndroidManifest.xml:68:27-74
97            </intent-filter>
98        </activity>
99
100        <provider
101            android:name="androidx.core.content.FileProvider"
101-->src\main\AndroidManifest.xml:73:13-62
102            android:authorities="com.a548bky4474.intermediatesub.fileprovider"
102-->src\main\AndroidManifest.xml:74:13-64
103            android:exported="false"
103-->src\main\AndroidManifest.xml:75:13-37
104            android:grantUriPermissions="true" >
104-->src\main\AndroidManifest.xml:76:13-47
105            <meta-data
105-->src\main\AndroidManifest.xml:77:13-79:54
106                android:name="android.support.FILE_PROVIDER_PATHS"
106-->src\main\AndroidManifest.xml:78:17-67
107                android:resource="@xml/file_paths" />
107-->src\main\AndroidManifest.xml:79:17-51
108        </provider>
109
110        <service
110-->src\main\AndroidManifest.xml:82:9-94:19
111            android:name="com.google.android.gms.metadata.ModuleDependencies"
111-->src\main\AndroidManifest.xml:83:13-78
112            android:enabled="false"
112-->src\main\AndroidManifest.xml:84:13-36
113            android:exported="false" >
113-->src\main\AndroidManifest.xml:85:13-37
114            <intent-filter>
114-->src\main\AndroidManifest.xml:87:13-89:29
115                <action android:name="com.google.android.gms.metadata.MODULE_DEPENDENCIES" />
115-->src\main\AndroidManifest.xml:88:17-94
115-->src\main\AndroidManifest.xml:88:25-91
116            </intent-filter>
117
118            <meta-data
118-->src\main\AndroidManifest.xml:91:13-93:36
119                android:name="photopicker_activity:0:required"
119-->src\main\AndroidManifest.xml:92:17-63
120                android:value="" />
120-->src\main\AndroidManifest.xml:93:17-33
121        </service>
122        <!-- Needs to be explicitly declared on P+ -->
123        <uses-library
123-->[com.google.android.gms:play-services-maps:18.2.0] AndroidManifest.xml:39:9-41:40
124            android:name="org.apache.http.legacy"
124-->[com.google.android.gms:play-services-maps:18.2.0] AndroidManifest.xml:40:13-50
125            android:required="false" />
125-->[com.google.android.gms:play-services-maps:18.2.0] AndroidManifest.xml:41:13-37
126
127        <activity
127-->[com.google.android.gms:play-services-base:18.0.1] AndroidManifest.xml:20:9-22:45
128            android:name="com.google.android.gms.common.api.GoogleApiActivity"
128-->[com.google.android.gms:play-services-base:18.0.1] AndroidManifest.xml:20:19-85
129            android:exported="false"
129-->[com.google.android.gms:play-services-base:18.0.1] AndroidManifest.xml:22:19-43
130            android:theme="@android:style/Theme.Translucent.NoTitleBar" />
130-->[com.google.android.gms:play-services-base:18.0.1] AndroidManifest.xml:21:19-78
131
132        <meta-data
132-->[com.google.android.gms:play-services-basement:18.0.0] AndroidManifest.xml:21:9-23:69
133            android:name="com.google.android.gms.version"
133-->[com.google.android.gms:play-services-basement:18.0.0] AndroidManifest.xml:22:13-58
134            android:value="@integer/google_play_services_version" />
134-->[com.google.android.gms:play-services-basement:18.0.0] AndroidManifest.xml:23:13-66
135
136        <provider
136-->[androidx.emoji2:emoji2:1.2.0] AndroidManifest.xml:24:9-32:20
137            android:name="androidx.startup.InitializationProvider"
137-->[androidx.emoji2:emoji2:1.2.0] AndroidManifest.xml:25:13-67
138            android:authorities="com.a548bky4474.intermediatesub.androidx-startup"
138-->[androidx.emoji2:emoji2:1.2.0] AndroidManifest.xml:26:13-68
139            android:exported="false" >
139-->[androidx.emoji2:emoji2:1.2.0] AndroidManifest.xml:27:13-37
140            <meta-data
140-->[androidx.emoji2:emoji2:1.2.0] AndroidManifest.xml:29:13-31:52
141                android:name="androidx.emoji2.text.EmojiCompatInitializer"
141-->[androidx.emoji2:emoji2:1.2.0] AndroidManifest.xml:30:17-75
142                android:value="androidx.startup" />
142-->[androidx.emoji2:emoji2:1.2.0] AndroidManifest.xml:31:17-49
143            <meta-data
143-->[androidx.lifecycle:lifecycle-process:2.6.2] AndroidManifest.xml:29:13-31:52
144                android:name="androidx.lifecycle.ProcessLifecycleInitializer"
144-->[androidx.lifecycle:lifecycle-process:2.6.2] AndroidManifest.xml:30:17-78
145                android:value="androidx.startup" />
145-->[androidx.lifecycle:lifecycle-process:2.6.2] AndroidManifest.xml:31:17-49
146            <meta-data
146-->[androidx.profileinstaller:profileinstaller:1.3.0] AndroidManifest.xml:29:13-31:52
147                android:name="androidx.profileinstaller.ProfileInstallerInitializer"
147-->[androidx.profileinstaller:profileinstaller:1.3.0] AndroidManifest.xml:30:17-85
148                android:value="androidx.startup" />
148-->[androidx.profileinstaller:profileinstaller:1.3.0] AndroidManifest.xml:31:17-49
149        </provider>
150
151        <service
151-->[androidx.room:room-runtime:2.5.2] AndroidManifest.xml:24:9-28:63
152            android:name="androidx.room.MultiInstanceInvalidationService"
152-->[androidx.room:room-runtime:2.5.2] AndroidManifest.xml:25:13-74
153            android:directBootAware="true"
153-->[androidx.room:room-runtime:2.5.2] AndroidManifest.xml:26:13-43
154            android:exported="false" />
154-->[androidx.room:room-runtime:2.5.2] AndroidManifest.xml:27:13-37
155
156        <receiver
156-->[androidx.profileinstaller:profileinstaller:1.3.0] AndroidManifest.xml:34:9-52:20
157            android:name="androidx.profileinstaller.ProfileInstallReceiver"
157-->[androidx.profileinstaller:profileinstaller:1.3.0] AndroidManifest.xml:35:13-76
158            android:directBootAware="false"
158-->[androidx.profileinstaller:profileinstaller:1.3.0] AndroidManifest.xml:36:13-44
159            android:enabled="true"
159-->[androidx.profileinstaller:profileinstaller:1.3.0] AndroidManifest.xml:37:13-35
160            android:exported="true"
160-->[androidx.profileinstaller:profileinstaller:1.3.0] AndroidManifest.xml:38:13-36
161            android:permission="android.permission.DUMP" >
161-->[androidx.profileinstaller:profileinstaller:1.3.0] AndroidManifest.xml:39:13-57
162            <intent-filter>
162-->[androidx.profileinstaller:profileinstaller:1.3.0] AndroidManifest.xml:40:13-42:29
163                <action android:name="androidx.profileinstaller.action.INSTALL_PROFILE" />
163-->[androidx.profileinstaller:profileinstaller:1.3.0] AndroidManifest.xml:41:17-91
163-->[androidx.profileinstaller:profileinstaller:1.3.0] AndroidManifest.xml:41:25-88
164            </intent-filter>
165            <intent-filter>
165-->[androidx.profileinstaller:profileinstaller:1.3.0] AndroidManifest.xml:43:13-45:29
166                <action android:name="androidx.profileinstaller.action.SKIP_FILE" />
166-->[androidx.profileinstaller:profileinstaller:1.3.0] AndroidManifest.xml:44:17-85
166-->[androidx.profileinstaller:profileinstaller:1.3.0] AndroidManifest.xml:44:25-82
167            </intent-filter>
168            <intent-filter>
168-->[androidx.profileinstaller:profileinstaller:1.3.0] AndroidManifest.xml:46:13-48:29
169                <action android:name="androidx.profileinstaller.action.SAVE_PROFILE" />
169-->[androidx.profileinstaller:profileinstaller:1.3.0] AndroidManifest.xml:47:17-88
169-->[androidx.profileinstaller:profileinstaller:1.3.0] AndroidManifest.xml:47:25-85
170            </intent-filter>
171            <intent-filter>
171-->[androidx.profileinstaller:profileinstaller:1.3.0] AndroidManifest.xml:49:13-51:29
172                <action android:name="androidx.profileinstaller.action.BENCHMARK_OPERATION" />
172-->[androidx.profileinstaller:profileinstaller:1.3.0] AndroidManifest.xml:50:17-95
172-->[androidx.profileinstaller:profileinstaller:1.3.0] AndroidManifest.xml:50:25-92
173            </intent-filter>
174        </receiver>
175    </application>
176
177</manifest>